<?xml version="1.0" encoding="UTF-8"?>
<!-- Generated by org.testng.reporters.JUnitReportReporter -->
<testsuite skipped="0" hostname="LAPTOP-7PL90270" name="week6.day1.EditLead" tests="2" failures="0" timestamp="2023-09-23T21:53:25 IST" time="33.754" errors="0">
  <testcase name="EditLeadTestCase" time="16.684" classname="week6.day1.EditLead"/>
  <system-out/>
  <testcase name="EditLeadTestCase" time="17.070" classname="week6.day1.EditLead"/>
  <system-out/>
</testsuite> <!-- week6.day1.EditLead -->
