<?xml version="1.0" encoding="UTF-8"?>
<!-- Generated by org.testng.reporters.JUnitReportReporter -->
<testsuite skipped="0" hostname="LAPTOP-7PL90270" name="week6.day1.CreateLead" tests="2" failures="0" timestamp="2023-09-23T21:52:03 IST" time="51.883" errors="0">
  <testcase name="CreateLeadTestCase" time="16.292" classname="week6.day1.CreateLead"/>
  <system-out/>
  <testcase name="CreateLeadTestCase" time="35.591" classname="week6.day1.CreateLead"/>
  <system-out/>
</testsuite> <!-- week6.day1.CreateLead -->
