<?xml version="1.0" encoding="UTF-8"?>
<!-- Generated by org.testng.reporters.JUnitReportReporter -->
<testsuite skipped="0" hostname="LAPTOP-7PL90270" name="week5.day2.EditLead" tests="1" failures="0" timestamp="2023-09-18T20:44:41 IST" time="19.467" errors="0">
  <testcase name="EditLeadTestCase" time="19.467" classname="week5.day2.EditLead"/>
  <system-out/>
</testsuite> <!-- week5.day2.EditLead -->
