<?xml version="1.0" encoding="UTF-8"?>
<!-- Generated by org.testng.reporters.JUnitReportReporter -->
<testsuite skipped="0" hostname="LAPTOP-7PL90270" name="LearnExcel.EditLead" tests="10" failures="0" timestamp="2023-09-21T21:43:30 IST" time="309.274" errors="0">
  <testcase name="editLeadTestCase02" time="26.913" classname="LearnExcel.EditLead"/>
  <system-out/>
  <testcase name="editLeadTestCase02" time="35.806" classname="LearnExcel.EditLead"/>
  <system-out/>
  <testcase name="editLeadTestCase02" time="34.057" classname="LearnExcel.EditLead"/>
  <system-out/>
  <testcase name="editLeadTestCase02" time="37.198" classname="LearnExcel.EditLead"/>
  <system-out/>
  <testcase name="editLeadTestCase02" time="29.673" classname="LearnExcel.EditLead"/>
  <system-out/>
  <testcase name="editLeadTestCase02" time="34.551" classname="LearnExcel.EditLead"/>
  <system-out/>
  <testcase name="editLeadTestCase02" time="26.304" classname="LearnExcel.EditLead"/>
  <system-out/>
  <testcase name="editLeadTestCase02" time="27.363" classname="LearnExcel.EditLead"/>
  <system-out/>
  <testcase name="editLeadTestCase02" time="31.984" classname="LearnExcel.EditLead"/>
  <system-out/>
  <testcase name="editLeadTestCase02" time="25.425" classname="LearnExcel.EditLead"/>
  <system-out/>
</testsuite> <!-- LearnExcel.EditLead -->
