<?xml version="1.0" encoding="UTF-8"?>
<!-- Generated by org.testng.reporters.JUnitReportReporter -->
<testsuite skipped="0" hostname="LAPTOP-7PL90270" name="assessments.week6.day1.MergeLead" tests="2" failures="0" timestamp="2023-09-23T23:11:48 IST" time="58.928" errors="0">
  <testcase name="mergeLeadTestCase05" time="28.348" classname="assessments.week6.day1.MergeLead"/>
  <system-out/>
  <testcase name="mergeLeadTestCase05" time="30.580" classname="assessments.week6.day1.MergeLead"/>
  <system-out/>
</testsuite> <!-- assessments.week6.day1.MergeLead -->
