<?xml version="1.0" encoding="UTF-8"?>
<!-- Generated by org.testng.reporters.JUnitReportReporter -->
<testsuite skipped="0" hostname="LAPTOP-7PL90270" name="seleniuminitialsetup.TestNGTest" tests="1" failures="0" timestamp="2023-09-12T22:14:29 IST" time="27.709" errors="0">
  <testcase name="loginPage" time="27.709" classname="seleniuminitialsetup.TestNGTest"/>
  <system-out/>
</testsuite> <!-- seleniuminitialsetup.TestNGTest -->
