<?xml version="1.0" encoding="UTF-8"?>
<!-- Generated by org.testng.reporters.JUnitReportReporter -->
<testsuite skipped="0" hostname="LAPTOP-7PL90270" name="runner.RunnerClass" tests="1" failures="0" timestamp="2023-10-07T12:41:01 IST" time="21.938" errors="0">
  <testcase name="runScenario" time="21.938" classname="runner.RunnerClass"/>
  <system-out/>
</testsuite> <!-- runner.RunnerClass -->
