<?xml version="1.0" encoding="UTF-8"?>
<!-- Generated by org.testng.reporters.JUnitReportReporter -->
<testsuite skipped="0" hostname="LAPTOP-7PL90270" name="assessments.week6.day1.DuplicateLead" tests="2" failures="0" timestamp="2023-09-23T23:11:48 IST" time="44.327" errors="0">
  <testcase name="duplicateLeadTestCase03" time="22.401" classname="assessments.week6.day1.DuplicateLead"/>
  <system-out/>
  <testcase name="duplicateLeadTestCase03" time="21.926" classname="assessments.week6.day1.DuplicateLead"/>
  <system-out/>
</testsuite> <!-- assessments.week6.day1.DuplicateLead -->
