<?xml version="1.0" encoding="UTF-8"?>
<!-- Generated by org.testng.reporters.JUnitReportReporter -->
<testsuite skipped="0" hostname="LAPTOP-7PL90270" name="week5.day2.CreateLead" tests="1" failures="0" timestamp="2023-09-18T20:44:41 IST" time="17.569" errors="0">
  <testcase name="CreateLeadTestCase" time="17.569" classname="week5.day2.CreateLead"/>
  <system-out/>
</testsuite> <!-- week5.day2.CreateLead -->
