<?xml version="1.0" encoding="UTF-8"?>
<!-- Generated by org.testng.reporters.JUnitReportReporter -->
<testsuite skipped="0" hostname="LAPTOP-7PL90270" name="assessments.week6.day1.EditLead" tests="2" failures="0" timestamp="2023-09-23T23:11:48 IST" time="42.890" errors="0">
  <testcase name="editLeadTestCase02" time="20.703" classname="assessments.week6.day1.EditLead"/>
  <system-out/>
  <testcase name="editLeadTestCase02" time="22.187" classname="assessments.week6.day1.EditLead"/>
  <system-out/>
</testsuite> <!-- assessments.week6.day1.EditLead -->
