<?xml version="1.0" encoding="UTF-8"?>
<!-- Generated by org.testng.reporters.JUnitReportReporter -->
<testsuite skipped="0" hostname="LAPTOP-7PL90270" name="assessments.week6.day1.CreateLead" tests="2" failures="0" timestamp="2023-09-23T23:11:48 IST" time="50.910" errors="0">
  <testcase name="createLeadTestCase01" time="13.160" classname="assessments.week6.day1.CreateLead"/>
  <system-out/>
  <testcase name="createLeadTestCase01" time="37.750" classname="assessments.week6.day1.CreateLead"/>
  <system-out/>
</testsuite> <!-- assessments.week6.day1.CreateLead -->
