<?xml version="1.0" encoding="UTF-8"?>
<!-- Generated by org.testng.reporters.JUnitReportReporter -->
<testsuite skipped="0" hostname="LAPTOP-7PL90270" name="LearnExcel.CreateLead" tests="10" failures="0" timestamp="2023-09-21T21:21:20 IST" time="257.726" errors="0">
  <testcase name="createLeadTestCase01" time="16.652" classname="LearnExcel.CreateLead"/>
  <system-out/>
  <testcase name="createLeadTestCase01" time="25.208" classname="LearnExcel.CreateLead"/>
  <system-out/>
  <testcase name="createLeadTestCase01" time="27.955" classname="LearnExcel.CreateLead"/>
  <system-out/>
  <testcase name="createLeadTestCase01" time="19.269" classname="LearnExcel.CreateLead"/>
  <system-out/>
  <testcase name="createLeadTestCase01" time="23.896" classname="LearnExcel.CreateLead"/>
  <system-out/>
  <testcase name="createLeadTestCase01" time="24.341" classname="LearnExcel.CreateLead"/>
  <system-out/>
  <testcase name="createLeadTestCase01" time="17.498" classname="LearnExcel.CreateLead"/>
  <system-out/>
  <testcase name="createLeadTestCase01" time="16.576" classname="LearnExcel.CreateLead"/>
  <system-out/>
  <testcase name="createLeadTestCase01" time="22.767" classname="LearnExcel.CreateLead"/>
  <system-out/>
  <testcase name="createLeadTestCase01" time="63.564" classname="LearnExcel.CreateLead"/>
  <system-out/>
</testsuite> <!-- LearnExcel.CreateLead -->
