<?xml version="1.0" encoding="UTF-8"?>
<!-- Generated by org.testng.reporters.JUnitReportReporter -->
<testsuite skipped="0" hostname="LAPTOP-7PL90270" name="assessments.week5.day2.MergeLeadTC004" tests="1" failures="0" timestamp="2023-09-21T22:29:16 IST" time="51.375" errors="0">
  <testcase name="MergeLeadTestCase" time="51.375" classname="assessments.week5.day2.MergeLeadTC004"/>
  <system-out/>
</testsuite> <!-- assessments.week5.day2.MergeLeadTC004 -->
