<?xml version="1.0" encoding="UTF-8"?>
<!-- Generated by org.testng.reporters.JUnitReportReporter -->
<testsuite skipped="0" hostname="LAPTOP-7PL90270" name="assessments.week6.day1.DeleteLead" tests="2" failures="0" timestamp="2023-09-23T23:11:48 IST" time="45.592" errors="0">
  <testcase name="deleteLeadTestCase04" time="22.434" classname="assessments.week6.day1.DeleteLead"/>
  <system-out/>
  <testcase name="deleteLeadTestCase04" time="23.158" classname="assessments.week6.day1.DeleteLead"/>
  <system-out/>
</testsuite> <!-- assessments.week6.day1.DeleteLead -->
