<?xml version="1.0" encoding="UTF-8"?>
<!-- Generated by org.testng.reporters.JUnitReportReporter -->
<testsuite skipped="0" hostname="LAPTOP-7PL90270" name="marathon2.Saucedemo" tests="3" failures="0" timestamp="2023-09-28T18:14:25 IST" time="36.166" errors="0">
  <testcase name="Saucedemotestcase" time="26.629" classname="marathon2.Saucedemo"/>
  <system-out/>
  <testcase name="Saucedemotestcase" time="4.865" classname="marathon2.Saucedemo"/>
  <system-out/>
  <testcase name="Saucedemotestcase" time="4.672" classname="marathon2.Saucedemo"/>
  <system-out/>
</testsuite> <!-- marathon2.Saucedemo -->
